<?xml version="1.0" encoding="UTF-8"?>
<testsuite name="com.trilogyed.rewardsservice.RewardsServiceApplicationTests" tests="1" skipped="0" failures="0" errors="0" timestamp="2019-09-22T23:40:33" hostname="Sandys-MacBook-Pro.local" time="0.06">
  <properties/>
  <testcase name="contextLoads" classname="com.trilogyed.rewardsservice.RewardsServiceApplicationTests" time="0.06"/>
  <system-out><![CDATA[19:40:27.787 [Test worker] DEBUG org.springframework.test.context.junit4.SpringJUnit4ClassRunner - SpringJUnit4ClassRunner constructor called with [class com.trilogyed.rewardsservice.RewardsServiceApplicationTests]
19:40:27.794 [Test worker] DEBUG org.springframework.test.context.BootstrapUtils - Instantiating CacheAwareContextLoaderDelegate from class [org.springframework.test.context.cache.DefaultCacheAwareContextLoaderDelegate]
19:40:27.802 [Test worker] DEBUG org.springframework.test.context.BootstrapUtils - Instantiating BootstrapContext using constructor [public org.springframework.test.context.support.DefaultBootstrapContext(java.lang.Class,org.springframework.test.context.CacheAwareContextLoaderDelegate)]
19:40:27.823 [Test worker] DEBUG org.springframework.test.context.BootstrapUtils - Instantiating TestContextBootstrapper for test class [com.trilogyed.rewardsservice.RewardsServiceApplicationTests] from class [org.springframework.boot.test.context.SpringBootTestContextBootstrapper]
19:40:27.837 [Test worker] INFO org.springframework.boot.test.context.SpringBootTestContextBootstrapper - Neither @ContextConfiguration nor @ContextHierarchy found for test class [com.trilogyed.rewardsservice.RewardsServiceApplicationTests], using SpringBootContextLoader
19:40:27.842 [Test worker] DEBUG org.springframework.test.context.support.AbstractContextLoader - Did not detect default resource location for test class [com.trilogyed.rewardsservice.RewardsServiceApplicationTests]: class path resource [com/trilogyed/rewardsservice/RewardsServiceApplicationTests-context.xml] does not exist
19:40:27.843 [Test worker] DEBUG org.springframework.test.context.support.AbstractContextLoader - Did not detect default resource location for test class [com.trilogyed.rewardsservice.RewardsServiceApplicationTests]: class path resource [com/trilogyed/rewardsservice/RewardsServiceApplicationTestsContext.groovy] does not exist
19:40:27.843 [Test worker] INFO org.springframework.test.context.support.AbstractContextLoader - Could not detect default resource locations for test class [com.trilogyed.rewardsservice.RewardsServiceApplicationTests]: no resource found for suffixes {-context.xml, Context.groovy}.
19:40:27.844 [Test worker] INFO org.springframework.test.context.support.AnnotationConfigContextLoaderUtils - Could not detect default configuration classes for test class [com.trilogyed.rewardsservice.RewardsServiceApplicationTests]: RewardsServiceApplicationTests does not declare any static, non-private, non-final, nested classes annotated with @Configuration.
19:40:27.889 [Test worker] DEBUG org.springframework.test.context.support.ActiveProfilesUtils - Could not find an 'annotation declaring class' for annotation type [org.springframework.test.context.ActiveProfiles] and class [com.trilogyed.rewardsservice.RewardsServiceApplicationTests]
19:40:27.951 [Test worker] DEBUG org.springframework.context.annotation.ClassPathScanningCandidateComponentProvider - Identified candidate component class: file [/Users/SandyYeung/Documents/Cognizant/Working Folder JavaS1/20190920/hotel-booking-project/rewards-service/build/classes/java/main/com/trilogyed/rewardsservice/RewardsServiceApplication.class]
19:40:27.952 [Test worker] INFO org.springframework.boot.test.context.SpringBootTestContextBootstrapper - Found @SpringBootConfiguration com.trilogyed.rewardsservice.RewardsServiceApplication for test class com.trilogyed.rewardsservice.RewardsServiceApplicationTests
19:40:28.068 [Test worker] DEBUG org.springframework.boot.test.context.SpringBootTestContextBootstrapper - @TestExecutionListeners is not present for class [com.trilogyed.rewardsservice.RewardsServiceApplicationTests]: using defaults.
19:40:28.069 [Test worker] INFO org.springframework.boot.test.context.SpringBootTestContextBootstrapper - Loaded default TestExecutionListener class names from location [META-INF/spring.factories]: [org.springframework.boot.test.autoconfigure.restdocs.RestDocsTestExecutionListener, org.springframework.boot.test.autoconfigure.web.client.MockRestServiceServerResetTestExecutionListener, org.springframework.boot.test.autoconfigure.web.servlet.MockMvcPrintOnlyOnFailureTestExecutionListener, org.springframework.boot.test.autoconfigure.web.servlet.WebDriverTestExecutionListener, org.springframework.boot.test.mock.mockito.MockitoTestExecutionListener, org.springframework.boot.test.mock.mockito.ResetMocksTestExecutionListener, org.springframework.test.context.web.ServletTestExecutionListener, org.springframework.test.context.support.DirtiesContextBeforeModesTestExecutionListener, org.springframework.test.context.support.DependencyInjectionTestExecutionListener, org.springframework.test.context.support.DirtiesContextTestExecutionListener, org.springframework.test.context.transaction.TransactionalTestExecutionListener, org.springframework.test.context.jdbc.SqlScriptsTestExecutionListener]
19:40:28.089 [Test worker] INFO org.springframework.boot.test.context.SpringBootTestContextBootstrapper - Using TestExecutionListeners: [org.springframework.test.context.web.ServletTestExecutionListener@2ef42431, org.springframework.test.context.support.DirtiesContextBeforeModesTestExecutionListener@112a196d, org.springframework.boot.test.mock.mockito.MockitoTestExecutionListener@223cb7ef, org.springframework.boot.test.autoconfigure.SpringBootDependencyInjectionTestExecutionListener@13fc8e2e, org.springframework.test.context.support.DirtiesContextTestExecutionListener@1c26e5cc, org.springframework.test.context.transaction.TransactionalTestExecutionListener@5d066654, org.springframework.test.context.jdbc.SqlScriptsTestExecutionListener@1ac221d4, org.springframework.boot.test.autoconfigure.restdocs.RestDocsTestExecutionListener@6d38515c, org.springframework.boot.test.autoconfigure.web.client.MockRestServiceServerResetTestExecutionListener@469bd1b2, org.springframework.boot.test.autoconfigure.web.servlet.MockMvcPrintOnlyOnFailureTestExecutionListener@28c13bf3, org.springframework.boot.test.autoconfigure.web.servlet.WebDriverTestExecutionListener@230663be, org.springframework.boot.test.mock.mockito.ResetMocksTestExecutionListener@c1b7433]
19:40:28.092 [Test worker] DEBUG org.springframework.test.annotation.ProfileValueUtils - Retrieved @ProfileValueSourceConfiguration [null] for test class [com.trilogyed.rewardsservice.RewardsServiceApplicationTests]
19:40:28.093 [Test worker] DEBUG org.springframework.test.annotation.ProfileValueUtils - Retrieved ProfileValueSource type [class org.springframework.test.annotation.SystemProfileValueSource] for class [com.trilogyed.rewardsservice.RewardsServiceApplicationTests]
19:40:28.094 [Test worker] DEBUG org.springframework.test.annotation.ProfileValueUtils - Retrieved @ProfileValueSourceConfiguration [null] for test class [com.trilogyed.rewardsservice.RewardsServiceApplicationTests]
19:40:28.094 [Test worker] DEBUG org.springframework.test.annotation.ProfileValueUtils - Retrieved ProfileValueSource type [class org.springframework.test.annotation.SystemProfileValueSource] for class [com.trilogyed.rewardsservice.RewardsServiceApplicationTests]
19:40:28.097 [Test worker] DEBUG org.springframework.test.context.support.AbstractDirtiesContextTestExecutionListener - Before test class: context [DefaultTestContext@619d6913 testClass = RewardsServiceApplicationTests, testInstance = [null], testMethod = [null], testException = [null], mergedContextConfiguration = [WebMergedContextConfiguration@39365c9 testClass = RewardsServiceApplicationTests, locations = '{}', classes = '{class com.trilogyed.rewardsservice.RewardsServiceApplication}', contextInitializerClasses = '[]', activeProfiles = '{}', propertySourceLocations = '{}', propertySourceProperties = '{org.springframework.boot.test.context.SpringBootTestContextBootstrapper=true}', contextCustomizers = set[org.springframework.boot.test.autoconfigure.properties.PropertyMappingContextCustomizer@0, org.springframework.boot.test.autoconfigure.web.servlet.WebDriverContextCustomizerFactory$Customizer@4442ae36, org.springframework.boot.test.context.filter.ExcludeFilterContextCustomizer@604bf8e5, org.springframework.boot.test.json.DuplicateJsonObjectContextCustomizerFactory$DuplicateJsonObjectContextCustomizer@63d99462, org.springframework.boot.test.mock.mockito.MockitoContextCustomizer@0, org.springframework.boot.test.web.client.TestRestTemplateContextCustomizer@17b40639], resourceBasePath = 'src/main/webapp', contextLoader = 'org.springframework.boot.test.context.SpringBootContextLoader', parent = [null]], attributes = map['org.springframework.test.context.web.ServletTestExecutionListener.activateListener' -> true]], class annotated with @DirtiesContext [false] with mode [null].
19:40:28.098 [Test worker] DEBUG org.springframework.test.annotation.ProfileValueUtils - Retrieved @ProfileValueSourceConfiguration [null] for test class [com.trilogyed.rewardsservice.RewardsServiceApplicationTests]
19:40:28.098 [Test worker] DEBUG org.springframework.test.annotation.ProfileValueUtils - Retrieved ProfileValueSource type [class org.springframework.test.annotation.SystemProfileValueSource] for class [com.trilogyed.rewardsservice.RewardsServiceApplicationTests]
19:40:28.115 [Test worker] DEBUG org.springframework.test.context.support.TestPropertySourceUtils - Adding inlined properties to environment: {spring.jmx.enabled=false, org.springframework.boot.test.context.SpringBootTestContextBootstrapper=true, server.port=-1}
2019-09-22 19:40:29.203  INFO 2542 --- [    Test worker] trationDelegate$BeanPostProcessorChecker : Bean 'org.springframework.cloud.autoconfigure.ConfigurationPropertiesRebinderAutoConfiguration' of type [org.springframework.cloud.autoconfigure.ConfigurationPropertiesRebinderAutoConfiguration$$EnhancerBySpringCGLIB$$357c36d0] is not eligible for getting processed by all BeanPostProcessors (for example: not eligible for auto-proxying)

  .   ____          _            __ _ _
 /\\ / ___'_ __ _ _(_)_ __  __ _ \ \ \ \
( ( )\___ | '_ | '_| | '_ \/ _` | \ \ \ \
 \\/  ___)| |_)| | | | | || (_| |  ) ) ) )
  '  |____| .__|_| |_|_| |_\__, | / / / /
 =========|_|==============|___/=/_/_/_/
 :: Spring Boot ::        (v2.1.8.RELEASE)

2019-09-22 19:40:29.364  INFO 2542 --- [    Test worker] c.t.r.RewardsServiceApplicationTests     : No active profile set, falling back to default profiles: default
2019-09-22 19:40:29.822  INFO 2542 --- [    Test worker] .s.d.r.c.RepositoryConfigurationDelegate : Bootstrapping Spring Data repositories in DEFAULT mode.
2019-09-22 19:40:29.906  INFO 2542 --- [    Test worker] .s.d.r.c.RepositoryConfigurationDelegate : Finished Spring Data repository scanning in 68ms. Found 1 repository interfaces.
2019-09-22 19:40:30.162  INFO 2542 --- [    Test worker] o.s.cloud.context.scope.GenericScope     : BeanFactory id=169bb952-b02e-3a20-8855-bcf5549d0abc
2019-09-22 19:40:30.436  INFO 2542 --- [    Test worker] trationDelegate$BeanPostProcessorChecker : Bean 'org.springframework.transaction.annotation.ProxyTransactionManagementConfiguration' of type [org.springframework.transaction.annotation.ProxyTransactionManagementConfiguration$$EnhancerBySpringCGLIB$$196233d3] is not eligible for getting processed by all BeanPostProcessors (for example: not eligible for auto-proxying)
2019-09-22 19:40:30.508  INFO 2542 --- [    Test worker] trationDelegate$BeanPostProcessorChecker : Bean 'org.springframework.hateoas.config.HateoasConfiguration' of type [org.springframework.hateoas.config.HateoasConfiguration$$EnhancerBySpringCGLIB$$98e28105] is not eligible for getting processed by all BeanPostProcessors (for example: not eligible for auto-proxying)
2019-09-22 19:40:30.518  INFO 2542 --- [    Test worker] trationDelegate$BeanPostProcessorChecker : Bean 'org.springframework.cloud.autoconfigure.ConfigurationPropertiesRebinderAutoConfiguration' of type [org.springframework.cloud.autoconfigure.ConfigurationPropertiesRebinderAutoConfiguration$$EnhancerBySpringCGLIB$$357c36d0] is not eligible for getting processed by all BeanPostProcessors (for example: not eligible for auto-proxying)
2019-09-22 19:40:30.757  INFO 2542 --- [    Test worker] com.zaxxer.hikari.HikariDataSource       : HikariPool-1 - Starting...
2019-09-22 19:40:30.954  INFO 2542 --- [    Test worker] com.zaxxer.hikari.HikariDataSource       : HikariPool-1 - Start completed.
2019-09-22 19:40:31.032  INFO 2542 --- [    Test worker] o.hibernate.jpa.internal.util.LogHelper  : HHH000204: Processing PersistenceUnitInfo [
	name: default
	...]
2019-09-22 19:40:31.087  INFO 2542 --- [    Test worker] org.hibernate.Version                    : HHH000412: Hibernate Core {5.3.11.Final}
2019-09-22 19:40:31.088  INFO 2542 --- [    Test worker] org.hibernate.cfg.Environment            : HHH000206: hibernate.properties not found
2019-09-22 19:40:31.224  INFO 2542 --- [    Test worker] o.hibernate.annotations.common.Version   : HCANN000001: Hibernate Commons Annotations {5.0.4.Final}
2019-09-22 19:40:31.346  INFO 2542 --- [    Test worker] org.hibernate.dialect.Dialect            : HHH000400: Using dialect: org.hibernate.dialect.H2Dialect
2019-09-22 19:40:31.809  INFO 2542 --- [    Test worker] o.h.t.schema.internal.SchemaCreatorImpl  : HHH000476: Executing import script 'org.hibernate.tool.schema.internal.exec.ScriptSourceInputNonExistentImpl@30e700e9'
2019-09-22 19:40:31.811  INFO 2542 --- [    Test worker] j.LocalContainerEntityManagerFactoryBean : Initialized JPA EntityManagerFactory for persistence unit 'default'
2019-09-22 19:40:32.447  WARN 2542 --- [    Test worker] c.n.c.sources.URLConfigurationSource     : No URLs will be polled as dynamic configuration sources.
2019-09-22 19:40:32.447  INFO 2542 --- [    Test worker] c.n.c.sources.URLConfigurationSource     : To enable URLs as dynamic configuration sources, define System property archaius.configurationSource.additionalUrls or make config.properties available on classpath.
2019-09-22 19:40:32.453  WARN 2542 --- [    Test worker] c.n.c.sources.URLConfigurationSource     : No URLs will be polled as dynamic configuration sources.
2019-09-22 19:40:32.453  INFO 2542 --- [    Test worker] c.n.c.sources.URLConfigurationSource     : To enable URLs as dynamic configuration sources, define System property archaius.configurationSource.additionalUrls or make config.properties available on classpath.
2019-09-22 19:40:32.867  INFO 2542 --- [    Test worker] o.s.s.concurrent.ThreadPoolTaskExecutor  : Initializing ExecutorService 'applicationTaskExecutor'
2019-09-22 19:40:32.914  WARN 2542 --- [    Test worker] aWebConfiguration$JpaWebMvcConfiguration : spring.jpa.open-in-view is enabled by default. Therefore, database queries may be performed during view rendering. Explicitly configure spring.jpa.open-in-view to disable this warning
2019-09-22 19:40:33.570  INFO 2542 --- [    Test worker] c.t.r.RewardsServiceApplicationTests     : Started RewardsServiceApplicationTests in 5.445 seconds (JVM running for 6.323)
]]></system-out>
  <system-err><![CDATA[]]></system-err>
</testsuite>
